Using pre-set license
Built from '2020.3/staging' branch; Version is '2020.3.4f1 (0abb6314276a) revision 703331'; Using compiler version '192528614'; Build Type 'Release'
OS: 'Windows 10 Pro; OS build 19042.928; Version 2009; 64bit' Language: 'en' Physical Memory: 32699 MB
BatchMode: 1, IsHumanControllingUs: 0, StartBugReporterOnCrash: 0, Is64bit: 1, IsPro: 0

 COMMAND LINE ARGUMENTS:
C:\Program Files\Unity\Hub\Editor\2020.3.4f1\Editor\Unity.exe
-adb2
-batchMode
-noUpm
-name
AssetImportWorker0
-projectPath
C:/Users/seamus/Documents/Github_BeanProject/BeanAdventures/BeanGame
-logFile
Logs/AssetImportWorker0.log
-srvPort
51623
Successfully changed project path to: C:/Users/seamus/Documents/Github_BeanProject/BeanAdventures/BeanGame
C:/Users/seamus/Documents/Github_BeanProject/BeanAdventures/BeanGame
Using Asset Import Pipeline V2.
Refreshing native plugins compatible for Editor in 19.19 ms, found 0 plugins.
Preloading 0 native plugins for Editor in 0.00 ms.
Initialize engine version: 2020.3.4f1 (0abb6314276a)
[Subsystems] Discovering subsystems at path C:/Program Files/Unity/Hub/Editor/2020.3.4f1/Editor/Data/Resources/UnitySubsystems
[Subsystems] Discovering subsystems at path C:/Users/seamus/Documents/Github_BeanProject/BeanAdventures/BeanGame/Assets
GfxDevice: creating device client; threaded=0
Direct3D:
    Version:  Direct3D 11.0 [level 11.1]
    Renderer: NVIDIA GeForce RTX 3080 (ID=0x2206)
    Vendor:   
    VRAM:     10077 MB
    Driver:   27.21.14.6589
Initialize mono
Mono path[0] = 'C:/Program Files/Unity/Hub/Editor/2020.3.4f1/Editor/Data/Managed'
Mono path[1] = 'C:/Program Files/Unity/Hub/Editor/2020.3.4f1/Editor/Data/MonoBleedingEdge/lib/mono/unityjit'
Mono config path = 'C:/Program Files/Unity/Hub/Editor/2020.3.4f1/Editor/Data/MonoBleedingEdge/etc'
Using monoOptions --debugger-agent=transport=dt_socket,embedding=1,server=y,suspend=n,address=127.0.0.1:56448
Begin MonoManager ReloadAssembly
Registering precompiled unity dll's ...
Register platform support module: C:/Program Files/Unity/Hub/Editor/2020.3.4f1/Editor/Data/PlaybackEngines/WindowsStandaloneSupport/UnityEditor.WindowsStandalone.Extensions.dll
Registered in 0.001702 seconds.
Native extension for WindowsStandalone target not found
Refreshing native plugins compatible for Editor in 20.08 ms, found 0 plugins.
Preloading 0 native plugins for Editor in 0.00 ms.
Mono: successfully reloaded assembly
- Completed reload, in  1.572 seconds
Platform modules already initialized, skipping
Registering precompiled user dll's ...
Registered in 0.000572 seconds.
Begin MonoManager ReloadAssembly
Native extension for WindowsStandalone target not found
Refreshing native plugins compatible for Editor in 0.25 ms, found 0 plugins.
Preloading 0 native plugins for Editor in 0.00 ms.
Mono: successfully reloaded assembly
- Completed reload, in  0.659 seconds
Platform modules already initialized, skipping
========================================================================
Worker process is ready to serve import requests
Launched and connected shader compiler UnityShaderCompiler.exe after 0.03 seconds
Refreshing native plugins compatible for Editor in 0.23 ms, found 0 plugins.
Preloading 0 native plugins for Editor in 0.00 ms.
Unloading 1114 Unused Serialized files (Serialized files now loaded: 0)
System memory in use before: 56.9 MB.
System memory in use after: 57.0 MB.

Unloading 9 unused Assets to reduce memory usage. Loaded Objects now: 1557.
Total: 1.667500 ms (FindLiveObjects: 0.181700 ms CreateObjectMapping: 0.029800 ms MarkObjects: 1.391200 ms  DeleteObjects: 0.063400 ms)

AssetImportParameters requested are different than current active one (requested -> active):
  requireTextureImportCompression: false -> true
========================================================================
Received Import Request.
  path: Assets/Objects
  artifactKey: Guid(f2eeafb5a984fb74fbccb862dba29d35) Importer(815301076,1909f56bfc062723c751e8b465ee728b)
Start importing Assets/Objects using Guid(f2eeafb5a984fb74fbccb862dba29d35) Importer(815301076,1909f56bfc062723c751e8b465ee728b)  -> (artifact id: 'fd01143c34e007b8c312c172198fc20d') in 0.008932 seconds
  Import took 0.010606 seconds .

========================================================================
Received Import Request.
  Time since last request: 8.581075 seconds.
  path: Assets/Objects/Bean.fbx
  artifactKey: Guid(0e9ade96f9210d743b69595f560f3ef4) Importer(815301076,1909f56bfc062723c751e8b465ee728b)
Start importing Assets/Objects/Bean.fbx using Guid(0e9ade96f9210d743b69595f560f3ef4) Importer(815301076,1909f56bfc062723c751e8b465ee728b)  -> (artifact id: '7ead179040711b6ea31065c325f3db0c') in 0.124920 seconds
  Import took 0.126973 seconds .

========================================================================
Received Import Request.
  Time since last request: 39.000612 seconds.
  path: Assets/Brown.mat
  artifactKey: Guid(c6fa83b6b8dc93d4faf475209e0d18da) Importer(815301076,1909f56bfc062723c751e8b465ee728b)
Start importing Assets/Brown.mat using Guid(c6fa83b6b8dc93d4faf475209e0d18da) Importer(815301076,1909f56bfc062723c751e8b465ee728b)  -> (artifact id: '4a42e72e9583ff5fa7e6f18869370231') in 0.037098 seconds
  Import took 0.039196 seconds .

========================================================================
Received Import Request.
  Time since last request: 19.743228 seconds.
  path: Assets/Brown.mat
  artifactKey: Guid(c6fa83b6b8dc93d4faf475209e0d18da) Importer(815301076,1909f56bfc062723c751e8b465ee728b)
Start importing Assets/Brown.mat using Guid(c6fa83b6b8dc93d4faf475209e0d18da) Importer(815301076,1909f56bfc062723c751e8b465ee728b)  -> (artifact id: '40ffbd8d4e526ea496bbc6b5f4a03952') in 0.016253 seconds
  Import took 0.018610 seconds .

